<?xml version="1.0" encoding="UTF-8"?>
<!-- Generated by org.testng.reporters.JUnitReportReporter -->
<testsuite hostname="Milen" failures="0" tests="1" name="tests.LoginTest" time="6.040" errors="0" timestamp="2025-03-26T21:33:39 IST" skipped="0">
  <testcase classname="tests.LoginTest" name="testUserLogin" time="6.040"/>
</testsuite> <!-- tests.LoginTest -->
