<?xml version="1.0" encoding="UTF-8"?>
<!-- Generated by org.testng.reporters.JUnitReportReporter -->
<testsuite hostname="Milen" failures="0" tests="1" name="tests.HomePageTest" time="7.652" errors="0" timestamp="2025-03-26T22:20:34 IST" skipped="0">
  <testcase classname="tests.HomePageTest" name="HomePageVerification" time="7.652"/>
</testsuite> <!-- tests.HomePageTest -->
