<?xml version="1.0" encoding="UTF-8"?>
<!-- Generated by org.testng.reporters.JUnitReportReporter -->
<testsuite hostname="Milen" failures="0" tests="1" name="tests.LogoutTest" time="7.127" errors="0" timestamp="2025-03-28T00:27:31 IST" skipped="0">
  <testcase classname="tests.LogoutTest" name="testSuccessfulLogin" time="7.127"/>
</testsuite> <!-- tests.LogoutTest -->
