<?xml version="1.0" encoding="UTF-8"?>
<!-- Generated by org.testng.reporters.JUnitReportReporter -->
<testsuite hostname="Milen" failures="0" tests="1" name="tests.PurchaseTest" time="8.046" errors="0" timestamp="2025-03-26T23:42:12 IST" skipped="0">
  <testcase classname="tests.PurchaseTest" name="testPurchaseProcess" time="8.046"/>
</testsuite> <!-- tests.PurchaseTest -->
