<?xml version="1.0" encoding="UTF-8"?>
<!-- Generated by org.testng.reporters.JUnitReportReporter -->
<testsuite hostname="Milen" failures="0" tests="1" name="tests.SignupTest" time="3.664" errors="0" timestamp="2025-03-27T01:30:52 IST" skipped="0">
  <testcase classname="tests.SignupTest" name="Signuptest" time="3.664"/>
</testsuite> <!-- tests.SignupTest -->
