<?xml version="1.0" encoding="UTF-8"?>
<!-- Generated by org.testng.reporters.JUnitReportReporter -->
<testsuite hostname="Milen" failures="0" tests="1" name="tests.ProductTest" time="9.412" errors="0" timestamp="2025-03-26T23:41:32 IST" skipped="0">
  <testcase classname="tests.ProductTest" name="testProductDetailsAndAddToCart" time="9.412"/>
</testsuite> <!-- tests.ProductTest -->
